\BOOKMARK [-1][-]{part.1}{\376\377\000I\000\040\000I\000n\000t\000r\000o\000d\000u\000c\000t\000i\000o\000n\000\040\000t\000o\000\040\000Q\000u\000a\000n\000t\000u\000m\000\040\000S\000t\000a\000t\000e\000s\000\040}{}% 1
\BOOKMARK [0][-]{chapter.1}{\376\377\000C\000l\000a\000s\000s\000i\000c\000a\000l\000\040\000P\000h\000y\000s\000i\000c\000s\000\040\000R\000e\000v\000i\000e\000w}{part.1}% 2
\BOOKMARK [1][-]{section.1.1}{\376\377\000C\000o\000n\000s\000e\000r\000v\000a\000t\000i\000o\000n\000\040\000L\000a\000w\000s}{chapter.1}% 3
\BOOKMARK [1][-]{section.1.2}{\376\377\000E\000l\000e\000c\000t\000r\000i\000c\000i\000t\000y\000\040\000a\000n\000d\000\040\000M\000a\000g\000n\000e\000t\000i\000s\000m}{chapter.1}% 4
\BOOKMARK [1][-]{section.1.3}{\376\377\000E\000l\000e\000c\000t\000r\000o\000m\000a\000g\000n\000e\000t\000i\000c\000\040\000W\000a\000v\000e\000s}{chapter.1}% 5
\BOOKMARK [1][-]{section.1.4}{\376\377\000W\000a\000v\000e\000s}{chapter.1}% 6
\BOOKMARK [1][-]{section.1.5}{\376\377\000C\000o\000m\000p\000l\000e\000x\000\040\000E\000l\000e\000c\000t\000r\000o\000m\000a\000g\000n\000e\000t\000i\000c\000\040\000W\000a\000v\000e\000\040\000A\000m\000p\000l\000i\000t\000u\000d\000e\000\040\000M\000o\000d\000e\000l\000\040\000\050\000C\000E\000W\000A\000M\000\051}{chapter.1}% 7
\BOOKMARK [0][-]{chapter.2}{\376\377\000C\000r\000e\000a\000t\000i\000n\000g\000\040\000E\000l\000e\000c\000t\000r\000o\000m\000a\000g\000n\000e\000t\000i\000c\000\040\000W\000a\000v\000e\000s}{part.1}% 8
\BOOKMARK [1][-]{section.2.1}{\376\377\000C\000l\000a\000s\000s\000i\000c\000a\000l\000l\000y\000\040\000A\000c\000c\000e\000l\000e\000r\000a\000t\000e\000d\000\040\000C\000h\000a\000r\000g\000e\000s}{chapter.2}% 9
\BOOKMARK [1][-]{section.2.2}{\376\377\000H\000y\000d\000r\000o\000g\000e\000n\000\040\000R\000a\000d\000i\000a\000t\000i\000o\000n\000\040\000P\000r\000o\000b\000l\000e\000m}{chapter.2}% 10
\BOOKMARK [1][-]{section.2.3}{\376\377\000B\000o\000h\000r\000\040\000M\000o\000d\000e\000l}{chapter.2}% 11
\BOOKMARK [1][-]{section.2.4}{\376\377\000D\000e\000t\000e\000c\000t\000i\000n\000g\000\040\000E\000l\000e\000c\000t\000r\000o\000m\000a\000g\000n\000e\000t\000i\000c\000\040\000W\000a\000v\000e\000s}{chapter.2}% 12
\BOOKMARK [0][-]{chapter.3}{\376\377\000Q\000u\000a\000n\000t\000i\000z\000e\000d\000\040\000E\000l\000e\000c\000t\000r\000o\000m\000a\000g\000n\000e\000t\000i\000c\000\040\000W\000a\000v\000e\000s}{part.1}% 13
\BOOKMARK [1][-]{section.3.1}{\376\377\000B\000e\000a\000m\000s\000p\000l\000i\000t\000t\000e\000r\000s}{chapter.3}% 14
\BOOKMARK [1][-]{section.3.2}{\376\377\000C\000o\000i\000n\000c\000i\000d\000e\000n\000c\000e\000\040\000M\000e\000a\000s\000u\000r\000e\000m\000e\000n\000t\000s}{chapter.3}% 15
\BOOKMARK [1][-]{section.3.3}{\376\377\000P\000o\000l\000a\000r\000i\000z\000i\000n\000g\000\040\000B\000e\000a\000m\000s\000p\000l\000i\000t\000t\000e\000r}{chapter.3}% 16
\BOOKMARK [0][-]{chapter.4}{\376\377\000R\000o\000t\000a\000t\000e\000d\000\040\000M\000e\000a\000s\000u\000r\000e\000m\000e\000n\000t\000s\000\040\000a\000n\000d\000\040\000V\000e\000c\000t\000o\000r\000\040\000S\000p\000a\000c\000e\000s}{part.1}% 17
\BOOKMARK [1][-]{section.4.1}{\376\377\000P\000o\000l\000a\000r\000i\000z\000a\000t\000i\000o\000n\000\040\000R\000o\000t\000a\000t\000o\000r\000s}{chapter.4}% 18
\BOOKMARK [1][-]{section.4.2}{\376\377\000Q\000u\000a\000n\000t\000u\000m\000\040\000P\000r\000o\000p\000o\000s\000i\000t\000i\000o\000n\000s}{chapter.4}% 19
\BOOKMARK [1][-]{section.4.3}{\376\377\000L\000i\000n\000e\000a\000r\000\040\000V\000e\000c\000t\000o\000r\000\040\000S\000p\000a\000c\000e\000s}{chapter.4}% 20
\BOOKMARK [0][-]{chapter.5}{\376\377\000Q\000u\000a\000n\000t\000u\000m\000\040\000S\000t\000a\000t\000e\000s\000\040\000a\000n\000d\000\040\000V\000e\000c\000t\000o\000r\000s}{part.1}% 21
\BOOKMARK [1][-]{section.5.1}{\376\377\000I\000n\000n\000e\000r\000\040\000P\000r\000o\000d\000u\000c\000t\000s}{chapter.5}% 22
\BOOKMARK [1][-]{section.5.2}{\376\377\000O\000r\000t\000h\000o\000n\000o\000r\000m\000a\000l\000\040\000B\000a\000s\000i\000s\000\040\000V\000e\000c\000t\000o\000r\000s}{chapter.5}% 23
\BOOKMARK [1][-]{section.5.3}{\376\377\000M\000o\000d\000e\000l\000i\000n\000g\000\040\000Q\000u\000a\000n\000t\000u\000m\000\040\000S\000t\000a\000t\000e\000s}{chapter.5}% 24
\BOOKMARK [1][-]{section.5.4}{\376\377\000P\000r\000o\000b\000a\000b\000i\000l\000i\000t\000i\000e\000s}{chapter.5}% 25
\BOOKMARK [1][-]{section.5.5}{\376\377\000A\000\040\000S\000e\000c\000o\000n\000d\000\040\000O\000r\000t\000h\000o\000n\000o\000r\000m\000a\000l\000\040\000B\000a\000s\000i\000s}{chapter.5}% 26
\BOOKMARK [1][-]{section.5.6}{\376\377\000O\000n\000e\000\040\000m\000o\000r\000e\000\040\000B\000a\000s\000i\000s}{chapter.5}% 27
\BOOKMARK [1][-]{section.5.7}{\376\377\000M\000a\000t\000r\000i\000x\000\040\000R\000e\000p\000r\000e\000s\000e\000n\000t\000a\000t\000i\000o\000n}{chapter.5}% 28
\BOOKMARK [0][-]{chapter.6}{\376\377\000A\000\040\000N\000e\000w\000\040\000Q\000u\000a\000n\000t\000u\000m\000\040\000S\000y\000s\000t\000e\000m}{part.1}% 29
\BOOKMARK [1][-]{section.6.1}{\376\377\000A\000t\000o\000m\000i\000c\000\040\000M\000a\000g\000n\000e\000t\000i\000c\000\040\000D\000i\000p\000o\000l\000e\000\040\000M\000o\000m\000e\000n\000t}{chapter.6}% 30
\BOOKMARK [1][-]{section.6.2}{\376\377\000R\000o\000t\000a\000t\000e\000d\000\040\000S\000p\000i\000n\000\040\000M\000e\000a\000s\000u\000r\000e\000m\000e\000n\000t}{chapter.6}% 31
\BOOKMARK [1][-]{section.6.3}{\376\377\000C\000h\000a\000n\000g\000i\000n\000g\000\040\000B\000a\000s\000e\000s}{chapter.6}% 32
\BOOKMARK [1][-]{section.6.4}{\376\377\000T\000h\000e\000\040\000B\000l\000o\000c\000h\000\040\000S\000p\000h\000e\000r\000e}{chapter.6}% 33
\BOOKMARK [0][-]{chapter.7}{\376\377\000Q\000u\000a\000n\000t\000u\000m\000\040\000O\000p\000e\000r\000a\000t\000o\000r\000s}{part.1}% 34
\BOOKMARK [1][-]{section.7.1}{\376\377\000L\000i\000n\000e\000a\000r\000\040\000O\000p\000e\000r\000a\000t\000o\000r\000s}{chapter.7}% 35
\BOOKMARK [1][-]{section.7.2}{\376\377\000L\000i\000n\000e\000a\000r\000\040\000O\000p\000e\000r\000a\000t\000o\000r\000s\000\040\000a\000c\000t\000i\000n\000g\000\040\000o\000n\000\040\000b\000r\000a\000-\000v\000e\000c\000t\000o\000r\000s}{chapter.7}% 36
\BOOKMARK [1][-]{section.7.3}{\376\377\000O\000p\000e\000r\000a\000t\000o\000r\000\040\000E\000i\000g\000e\000n\000v\000a\000l\000u\000e\000s\000\040\000a\000n\000d\000\040\000E\000i\000g\000e\000n\000v\000e\000c\000t\000o\000r\000s}{chapter.7}% 37
\BOOKMARK [1][-]{section.7.4}{\376\377\000H\000e\000r\000m\000i\000t\000i\000a\000n\000\040\000O\000p\000e\000r\000a\000t\000o\000r\000s}{chapter.7}% 38
\BOOKMARK [1][-]{section.7.5}{\376\377\000S\000p\000i\000n\000\040\000O\000p\000e\000r\000a\000t\000o\000r\000s}{chapter.7}% 39
\BOOKMARK [0][-]{chapter.8}{\376\377\000Q\000u\000a\000n\000t\000u\000m\000\040\000M\000e\000c\000h\000a\000n\000i\000c\000'\000s\000\040\000M\000o\000d\000e\000l}{part.1}% 40
\BOOKMARK [1][-]{section.8.1}{\376\377\000T\000h\000e\000\040\000Q\000u\000a\000n\000t\000u\000m\000\040\000M\000o\000d\000e\000l}{chapter.8}% 41
\BOOKMARK [1][-]{section.8.2}{\376\377\000A\000v\000e\000r\000a\000g\000e\000\040\000M\000e\000a\000s\000u\000r\000e\000m\000e\000n\000t\000s}{chapter.8}% 42
\BOOKMARK [1][-]{section.8.3}{\376\377\000A\000v\000e\000r\000a\000g\000i\000n\000g\000\040\000i\000n\000\040\000a\000\040\000S\000p\000e\000c\000i\000f\000i\000c\000\040\000B\000a\000s\000i\000s}{chapter.8}% 43
\BOOKMARK [1][-]{section.8.4}{\376\377\000N\000o\000n\000-\000u\000n\000i\000q\000u\000e\000n\000e\000s\000s\000\040\000o\000f\000\040\000t\000h\000e\000\040\000Q\000u\000a\000n\000t\000u\000m\000\040\000S\000t\000a\000t\000e}{chapter.8}% 44
\BOOKMARK [0][-]{chapter.9}{\376\377\000P\000a\000r\000t\000\040\000I\000\040\000S\000u\000m\000m\000a\000r\000y\000\040\000a\000n\000d\000\040\000T\000e\000s\000t}{part.1}% 45
\BOOKMARK [-1][-]{part.2}{\376\377\000I\000I\000\040\000U\000s\000i\000n\000g\000\040\000Q\000u\000a\000n\000t\000u\000m\000\040\000S\000t\000a\000t\000e\000s\000\040}{}% 46
\BOOKMARK [0][-]{chapter.10}{\376\377\000T\000i\000m\000e\000\040\000E\000v\000o\000l\000u\000t\000i\000o\000n\000\040\000o\000f\000\040\000a\000\040\000Q\000u\000a\000n\000t\000u\000m\000\040\000S\000t\000a\000t\000e}{part.2}% 47
\BOOKMARK [1][-]{section.10.1}{\376\377\000P\000r\000o\000p\000e\000r\000t\000i\000e\000s\000\040\000o\000f\000\040}{chapter.10}% 48
\BOOKMARK [1][-]{section.10.2}{\376\377\000S\000m\000a\000l\000l\000\040\000T\000i\000m\000e\000\040\000S\000t\000e\000p\000s}{chapter.10}% 49
\BOOKMARK [1][-]{section.10.3}{\376\377\000T\000i\000m\000e\000-\000I\000n\000d\000e\000p\000e\000n\000d\000e\000n\000t\000\040\000S\000c\000h\000r\000\366\000d\000i\000n\000g\000e\000r\000\040\000E\000q\000u\000a\000t\000i\000o\000n}{chapter.10}% 50
\BOOKMARK [0][-]{chapter.11}{\376\377\000C\000o\000m\000m\000u\000t\000a\000t\000o\000r\000s\000\040\000a\000n\000d\000\040\000M\000e\000a\000s\000u\000r\000e\000m\000e\000n\000t\000\040\000U\000n\000c\000e\000r\000t\000a\000i\000n\000t\000y}{part.2}% 51
\BOOKMARK [1][-]{section.11.1}{\376\377\000C\000o\000m\000m\000u\000t\000a\000t\000o\000r\000s}{chapter.11}% 52
\BOOKMARK [1][-]{section.11.2}{\376\377\000C\000o\000n\000s\000e\000r\000v\000a\000t\000i\000o\000n\000\040\000L\000a\000w\000s}{chapter.11}% 53
\BOOKMARK [1][-]{section.11.3}{\376\377\000U\000n\000c\000e\000r\000t\000a\000i\000n\000t\000y\000\040\000i\000n\000\040\000M\000e\000a\000s\000u\000r\000e\000m\000e\000n\000t}{chapter.11}% 54
\BOOKMARK [1][-]{section.11.4}{\376\377\000E\000i\000g\000e\000n\000v\000a\000l\000u\000e\000\040\000D\000e\000g\000e\000n\000e\000r\000a\000c\000y}{chapter.11}% 55
\BOOKMARK [0][-]{chapter.12}{\376\377\000M\000u\000l\000t\000i\000p\000l\000e\000\040\000P\000a\000r\000a\000m\000e\000t\000e\000r\000s\000\040\000D\000e\000s\000c\000r\000i\000b\000i\000n\000g\000\040\000a\000\040\000S\000t\000a\000t\000e}{part.2}% 56
\BOOKMARK [1][-]{section.12.1}{\376\377\000T\000r\000i\000a\000n\000g\000l\000e\000\040\000I\000n\000e\000q\000u\000a\000l\000i\000t\000y}{chapter.12}% 57
\BOOKMARK [1][-]{section.12.2}{\376\377\000U\000n\000c\000e\000r\000t\000a\000i\000n\000t\000y\000\040\000P\000r\000i\000n\000c\000i\000p\000l\000e}{chapter.12}% 58
\BOOKMARK [1][-]{section.12.3}{\376\377\000E\000n\000e\000r\000g\000y\000-\000T\000i\000m\000e\000\040\000U\000n\000c\000e\000r\000t\000a\000i\000n\000t\000y\000\040\000R\000e\000l\000a\000t\000i\000o\000n\000s\000h\000i\000p}{chapter.12}% 59
\BOOKMARK [0][-]{chapter.13}{\376\377\000M\000u\000l\000t\000i\000p\000l\000e\000\040\000Q\000u\000a\000n\000t\000u\000m\000\040\000S\000y\000s\000t\000e\000m\000s}{part.2}% 60
\BOOKMARK [1][-]{section.13.1}{\376\377\000T\000e\000n\000s\000o\000r\000\040\000P\000r\000o\000d\000u\000c\000t\000s}{chapter.13}% 61
\BOOKMARK [1][-]{section.13.2}{\376\377\000Q\000u\000a\000n\000t\000u\000m\000\040\000S\000t\000a\000t\000e\000s}{chapter.13}% 62
\BOOKMARK [1][-]{section.13.3}{\376\377\000P\000r\000o\000d\000u\000c\000t\000\040\000S\000t\000a\000t\000e\000s}{chapter.13}% 63
\BOOKMARK [1][-]{section.13.4}{\376\377\000E\000n\000t\000a\000n\000g\000l\000e\000d\000\040\000S\000t\000a\000t\000e\000s}{chapter.13}% 64
\BOOKMARK [1][-]{section.13.5}{\376\377\000C\000o\000r\000r\000e\000l\000a\000t\000i\000o\000n\000s}{chapter.13}% 65
\BOOKMARK [0][-]{chapter.14}{\376\377\000C\000o\000m\000p\000o\000s\000i\000t\000e\000\040\000O\000p\000e\000r\000a\000t\000o\000r\000s}{part.2}% 66
\BOOKMARK [1][-]{section.14.1}{\376\377\000M\000a\000t\000h\000\040\000I\000n\000t\000e\000r\000l\000u\000d\000e\000:\000\040\000O\000u\000t\000e\000r\000\040\000P\000r\000o\000d\000u\000c\000t\000s}{chapter.14}% 67
\BOOKMARK [1][-]{section.14.2}{\376\377\000T\000h\000e\000\040\000T\000r\000a\000c\000e}{chapter.14}% 68
\BOOKMARK [0][-]{chapter.15}{\376\377\000T\000h\000e\000\040\000D\000e\000n\000s\000i\000t\000y\000\040\000M\000a\000t\000r\000i\000x}{part.2}% 69
\BOOKMARK [1][-]{section.15.1}{\376\377\000D\000e\000n\000s\000i\000t\000y\000\040\000M\000a\000t\000r\000i\000x}{chapter.15}% 70
\BOOKMARK [1][-]{section.15.2}{\376\377\000P\000u\000r\000e\000\040\000S\000t\000a\000t\000e\000s\000\040\000v\000s\000\040\000M\000i\000x\000e\000d\000\040\000S\000t\000a\000t\000e\000s}{chapter.15}% 71
\BOOKMARK [1][-]{section.15.3}{\376\377\000D\000e\000c\000o\000h\000e\000r\000e\000n\000c\000e}{chapter.15}% 72
\BOOKMARK [1][-]{section.15.4}{\376\377\000T\000h\000e\000r\000m\000a\000l\000\040\000S\000t\000a\000t\000e\000s}{chapter.15}% 73
\BOOKMARK [0][-]{chapter.16}{\376\377\000E\000n\000t\000a\000n\000g\000l\000e\000m\000e\000n\000t\000\040\000T\000e\000s\000t\000s}{part.2}% 74
\BOOKMARK [1][-]{section.16.1}{\376\377\000C\000o\000m\000p\000o\000u\000n\000d\000\040\000D\000e\000n\000s\000i\000t\000y\000\040\000O\000p\000e\000r\000a\000t\000o\000r}{chapter.16}% 75
\BOOKMARK [1][-]{section.16.2}{\376\377\000E\000n\000t\000a\000n\000g\000l\000e\000m\000e\000n\000t\000\040\000a\000n\000d\000\040\000L\000o\000c\000a\000l\000i\000t\000y}{chapter.16}% 76
\BOOKMARK [1][-]{section.16.3}{\376\377\000B\000e\000l\000l\000\040\000I\000n\000e\000q\000u\000a\000l\000i\000t\000y\000\040\000E\000n\000t\000a\000n\000g\000l\000e\000m\000e\000n\000t\000\040\000T\000e\000s\000t}{chapter.16}% 77
\BOOKMARK [1][-]{section.16.4}{\376\377\000E\000n\000t\000a\000n\000g\000l\000e\000m\000e\000n\000t\000\040\000a\000n\000d\000\040\000M\000e\000a\000s\000u\000r\000e\000m\000e\000n\000t\000\040\000I\000n\000s\000t\000r\000u\000m\000e\000n\000t\000s}{chapter.16}% 78
\BOOKMARK [0][-]{chapter.17}{\376\377\000C\000o\000n\000t\000i\000n\000u\000o\000u\000s\000\040\000Q\000u\000a\000n\000t\000u\000m\000\040\000S\000t\000a\000t\000e\000s}{part.2}% 79
\BOOKMARK [1][-]{section.17.1}{\376\377\000W\000a\000v\000e\000f\000u\000n\000c\000t\000i\000o\000n\000s}{chapter.17}% 80
\BOOKMARK [1][-]{section.17.2}{\376\377\000P\000o\000s\000i\000t\000i\000o\000n\000\040\000B\000a\000s\000i\000s}{chapter.17}% 81
\BOOKMARK [1][-]{section.17.3}{\376\377\000M\000e\000a\000s\000u\000r\000e\000m\000e\000n\000t\000\040\000P\000r\000o\000b\000a\000b\000i\000l\000i\000t\000i\000e\000s}{chapter.17}% 82
\BOOKMARK [1][-]{section.17.4}{\376\377\000C\000o\000n\000t\000i\000n\000u\000o\000u\000s\000\040\000O\000p\000e\000r\000a\000t\000o\000r\000s}{chapter.17}% 83
\BOOKMARK [0][-]{chapter.18}{\376\377\000M\000o\000m\000e\000n\000t\000u\000m\000\040\000E\000i\000g\000e\000n\000v\000e\000c\000t\000o\000r\000s}{part.2}% 84
\BOOKMARK [1][-]{section.18.1}{\376\377\000M\000o\000m\000e\000n\000t\000u\000m\000\040\000B\000a\000s\000i\000s}{chapter.18}% 85
\BOOKMARK [1][-]{section.18.2}{\376\377\000M\000o\000m\000e\000n\000t\000u\000m\000\040\000o\000p\000e\000r\000a\000t\000o\000r\000\040\000i\000n\000\040\000t\000h\000e\000\040\000p\000o\000s\000i\000t\000i\000o\000n\000\040\000b\000a\000s\000i\000s}{chapter.18}% 86
\BOOKMARK [1][-]{section.18.3}{\376\377\000S\000w\000i\000t\000c\000h\000i\000n\000g\000\040\000b\000e\000t\000w\000e\000e\000n\000\040\000b\000a\000s\000e\000s}{chapter.18}% 87
\BOOKMARK [1][-]{section.18.4}{\376\377\000P\000o\000s\000i\000t\000i\000o\000n\000\040\000a\000n\000d\000\040\000m\000o\000m\000e\000n\000t\000u\000m\000\040\000u\000n\000c\000e\000r\000t\000a\000i\000n\000t\000y\000\040\000r\000e\000l\000a\000t\000i\000o\000n\000s\000h\000i\000p}{chapter.18}% 88
\BOOKMARK [0][-]{chapter.19}{\376\377\000D\000y\000n\000a\000m\000i\000c\000s\000\040\000i\000s\000\040\0001\000D\000\040\000p\000o\000s\000i\000t\000i\000o\000n\000\040\000s\000p\000a\000c\000e}{part.2}% 89
\BOOKMARK [1][-]{section.19.1}{\376\377\000F\000r\000e\000e\000\040\000s\000p\000a\000c\000e\000\040\000H\000a\000m\000i\000l\000t\000o\000n\000i\000a\000n}{chapter.19}% 90
\BOOKMARK [1][-]{section.19.2}{\376\377\000T\000r\000a\000v\000e\000l\000i\000n\000g\000\040\000W\000a\000v\000e\000\040\000P\000r\000o\000p\000e\000r\000t\000i\000e\000s}{chapter.19}% 91
\BOOKMARK [1][-]{section.19.3}{\376\377\000V\000e\000l\000o\000c\000i\000t\000y\000\040\000a\000n\000d\000\040\000M\000o\000m\000e\000n\000t\000u\000m}{chapter.19}% 92
\BOOKMARK [0][-]{chapter.20}{\376\377\000P\000a\000r\000t\000\040\000I\000I\000\040\000S\000u\000m\000m\000a\000r\000y\000\040\000a\000n\000d\000\040\000T\000e\000s\000t}{part.2}% 93
\BOOKMARK [-1][-]{part.3}{\376\377\000I\000I\000I\000\040\000I\000n\000t\000e\000r\000f\000e\000r\000e\000n\000c\000e\000\040\000A\000n\000d\000\040\000Q\000u\000a\000n\000t\000u\000m\000\040\000B\000o\000u\000n\000d\000\040\000S\000t\000a\000t\000e\000s\000\040}{}% 94
\BOOKMARK [0][-]{chapter.21}{\376\377\000M\000W\000M\000\040\000I\000n\000t\000e\000r\000f\000e\000r\000e\000n\000c\000e}{part.3}% 95
\BOOKMARK [1][-]{section.21.1}{\376\377\000S\000i\000n\000g\000l\000e\000\040\000S\000l\000i\000t\000\040\000D\000i\000f\000f\000r\000a\000c\000t\000i\000o\000n}{chapter.21}% 96
\BOOKMARK [1][-]{section.21.2}{\376\377\000D\000i\000f\000f\000r\000a\000c\000t\000i\000o\000n\000\040\000w\000i\000t\000h\000\040\000G\000r\000a\000t\000i\000n\000g\000s}{chapter.21}% 97
\BOOKMARK [1][-]{section.21.3}{\376\377\000T\000h\000r\000e\000e\000-\000G\000r\000a\000t\000i\000n\000g\000\040\000I\000n\000t\000e\000r\000f\000e\000r\000o\000m\000e\000t\000e\000r\000s}{chapter.21}% 98
\BOOKMARK [1][-]{section.21.4}{\376\377\000P\000a\000t\000h\000\040\000I\000n\000t\000e\000g\000r\000a\000l\000\040\000M\000o\000d\000e\000l}{chapter.21}% 99
\BOOKMARK [1][-]{section.21.5}{\376\377\000S\000i\000m\000p\000l\000e\000\040\000M\000a\000c\000h\000-\000Z\000e\000h\000n\000d\000e\000r\000\040\000M\000a\000t\000t\000e\000r\000\040\000I\000n\000t\000e\000r\000f\000e\000r\000o\000m\000e\000t\000e\000r}{chapter.21}% 100
\BOOKMARK [0][-]{chapter.22}{\376\377\000W\000a\000v\000e\000\040\000P\000a\000c\000k\000e\000t\000s}{part.3}% 101
\BOOKMARK [1][-]{section.22.1}{\376\377\000G\000a\000u\000s\000s\000i\000a\000n\000\040\000w\000a\000v\000e\000\040\000p\000a\000c\000k\000e\000t\000s}{chapter.22}% 102
\BOOKMARK [1][-]{section.22.2}{\376\377\000T\000i\000m\000e\000\040\000D\000e\000p\000e\000n\000d\000e\000n\000t\000\040\000G\000a\000u\000s\000s\000i\000a\000n\000\040\000W\000a\000v\000e\000\040\000P\000a\000c\000k\000e\000t}{chapter.22}% 103
\BOOKMARK [0][-]{chapter.23}{\376\377\000W\000a\000v\000e\000\040\000P\000a\000c\000k\000e\000t\000\040\000C\000o\000h\000e\000r\000e\000n\000c\000e}{part.3}% 104
\BOOKMARK [1][-]{section.23.1}{\376\377\000D\000i\000s\000p\000e\000r\000s\000i\000o\000n}{chapter.23}% 105
\BOOKMARK [1][-]{section.23.2}{\376\377\000C\000o\000h\000e\000r\000e\000n\000c\000e\000\040\000T\000i\000m\000e\000\040\000a\000n\000d\000\040\000L\000e\000n\000g\000t\000h}{chapter.23}% 106
\BOOKMARK [1][-]{section.23.3}{\376\377\000M\000o\000d\000i\000f\000i\000e\000d\000\040\000M\000-\000Z\000\040\000I\000n\000t\000e\000r\000f\000e\000r\000o\000m\000e\000t\000e\000r}{chapter.23}% 107
\BOOKMARK [0][-]{chapter.24}{\376\377\000M\000o\000t\000i\000o\000n\000\040\000i\000n\000\040\000a\000\040\000C\000o\000n\000s\000t\000a\000n\000t\000\040\000P\000o\000t\000e\000n\000t\000i\000a\000l}{part.3}% 108
\BOOKMARK [1][-]{section.24.1}{\376\377\000T\000h\000r\000e\000e\000-\000D\000i\000m\000e\000n\000s\000i\000o\000n\000a\000l\000\040\000W\000a\000v\000e\000f\000u\000n\000c\000t\000i\000o\000n\000s\000\040\000a\000n\000d\000\040\000O\000p\000e\000r\000a\000t\000o\000r\000s}{chapter.24}% 109
\BOOKMARK [1][-]{section.24.2}{\376\377\0003\000D\000\040\000S\000c\000h\000r\000\366\000d\000i\000n\000g\000e\000r\000\040\000E\000q\000u\000a\000t\000i\000o\000n}{chapter.24}% 110
\BOOKMARK [1][-]{section.24.3}{\376\377\000C\000o\000n\000s\000t\000a\000n\000t\000\040\000P\000o\000t\000e\000n\000t\000i\000a\000l}{chapter.24}% 111
\BOOKMARK [0][-]{chapter.25}{\376\377\000Q\000u\000a\000n\000t\000u\000m\000\040\000S\000c\000a\000t\000t\000e\000r\000i\000n\000g}{part.3}% 112
\BOOKMARK [1][-]{section.25.1}{\376\377\000P\000o\000t\000e\000n\000t\000i\000a\000l\000\040\000B\000a\000r\000r\000i\000e\000r}{chapter.25}% 113
\BOOKMARK [1][-]{section.25.2}{\376\377\000P\000r\000o\000b\000a\000b\000i\000l\000i\000t\000y\000\040\000C\000u\000r\000r\000e\000n\000t}{chapter.25}% 114
\BOOKMARK [1][-]{section.25.3}{\376\377\000T\000r\000a\000n\000s\000m\000i\000s\000s\000i\000o\000n\000\040\000a\000n\000d\000\040\000R\000e\000f\000l\000e\000c\000t\000i\000o\000n}{chapter.25}% 115
\BOOKMARK [1][-]{section.25.4}{\376\377\000T\000u\000n\000n\000e\000l\000i\000n\000g\000\040\000B\000a\000r\000r\000i\000e\000r}{chapter.25}% 116
\BOOKMARK [0][-]{chapter.26}{\376\377\000S\000t\000r\000o\000n\000g\000l\000y\000\040\000C\000o\000n\000f\000i\000n\000e\000d\000\040\000S\000y\000s\000t\000e\000m\000s}{part.3}% 117
\BOOKMARK [1][-]{section.26.1}{\376\377\0001\000D\000\040\000Q\000u\000a\000n\000t\000u\000m\000\040\000D\000o\000t\000\040\000M\000o\000d\000e\000l}{chapter.26}% 118
\BOOKMARK [1][-]{section.26.2}{\376\377\0003\000D\000\040\000Q\000u\000a\000n\000t\000u\000m\000\040\000D\000o\000t\000\040\000M\000o\000d\000e\000l}{chapter.26}% 119
\BOOKMARK [1][-]{section.26.3}{\376\377\000T\000i\000m\000e\000-\000I\000n\000d\000e\000p\000e\000n\000d\000e\000n\000t\000\040\000P\000e\000r\000t\000u\000r\000b\000a\000t\000i\000o\000n\000\040\000M\000o\000d\000e\000l}{chapter.26}% 120
\BOOKMARK [0][-]{chapter.27}{\376\377\000T\000r\000a\000n\000s\000i\000t\000i\000o\000n\000s\000\040\000B\000e\000t\000w\000e\000e\000n\000\040\000S\000t\000a\000t\000e\000s}{part.3}% 121
\BOOKMARK [1][-]{section.27.1}{\376\377\000T\000i\000m\000e\000-\000d\000e\000p\000e\000n\000d\000e\000n\000t\000\040\000P\000e\000r\000t\000u\000r\000b\000a\000t\000i\000o\000n\000\040\000M\000o\000d\000e\000l}{chapter.27}% 122
\BOOKMARK [1][-]{section.27.2}{\376\377\000D\000i\000p\000o\000l\000e\000\040\000T\000r\000a\000n\000s\000i\000t\000i\000o\000n\000s}{chapter.27}% 123
\BOOKMARK [1][-]{section.27.3}{\376\377\000R\000a\000b\000i\000\040\000O\000s\000c\000i\000l\000l\000a\000t\000i\000o\000n\000s}{chapter.27}% 124
\BOOKMARK [1][-]{section.27.4}{\376\377\000O\000s\000c\000i\000l\000l\000a\000t\000o\000r\000\040\000S\000t\000r\000e\000n\000g\000t\000h}{chapter.27}% 125
\BOOKMARK [0][-]{chapter.28}{\376\377\000F\000i\000n\000i\000t\000e\000\040\000C\000o\000n\000f\000i\000n\000e\000m\000e\000n\000t}{part.3}% 126
\BOOKMARK [1][-]{section.28.1}{\376\377\000E\000v\000e\000n\000\040\000P\000a\000r\000i\000t\000y\000\040\000E\000i\000g\000e\000n\000f\000u\000n\000c\000t\000i\000o\000n\000s}{chapter.28}% 127
\BOOKMARK [1][-]{section.28.2}{\376\377\000T\000r\000a\000n\000s\000i\000t\000i\000o\000n\000s}{chapter.28}% 128
\BOOKMARK [0][-]{chapter.29}{\376\377\000M\000u\000l\000t\000i\000p\000l\000e\000\040\000W\000e\000l\000l\000s\000\040\000a\000n\000d\000\040\000T\000u\000n\000n\000e\000l\000i\000n\000g}{part.3}% 129
\BOOKMARK [1][-]{section.29.1}{\376\377\000W\000a\000v\000e\000f\000u\000n\000c\000t\000i\000o\000n\000\040\000S\000o\000l\000u\000t\000i\000o\000n\000s}{chapter.29}% 130
\BOOKMARK [1][-]{section.29.2}{\376\377\000E\000v\000e\000n\000-\000p\000a\000r\000i\000t\000y\000\040\000W\000a\000v\000e\000f\000u\000n\000c\000t\000i\000o\000n\000s}{chapter.29}% 131
\BOOKMARK [1][-]{section.29.3}{\376\377\000S\000t\000a\000t\000i\000c\000\040\000a\000n\000d\000\040\000D\000y\000n\000a\000m\000i\000c\000\040\000W\000a\000v\000e\000f\000u\000n\000c\000t\000i\000o\000n\000s}{chapter.29}% 132
\BOOKMARK [1][-]{section.29.4}{\376\377\000T\000u\000n\000n\000e\000l\000i\000n\000g}{chapter.29}% 133
\BOOKMARK [0][-]{chapter.30}{\376\377\000Q\000u\000a\000n\000t\000u\000m\000\040\000H\000a\000r\000m\000o\000n\000i\000c\000\040\000O\000s\000c\000i\000l\000l\000a\000t\000o\000r\000:\000\040\000P\000o\000s\000i\000t\000i\000o\000n\000\040\000B\000a\000s\000i\000s}{part.3}% 134
\BOOKMARK [1][-]{section.30.1}{\376\377\000H\000a\000r\000m\000o\000n\000i\000c\000\040\000P\000o\000t\000e\000n\000t\000i\000a\000l\000s}{chapter.30}% 135
\BOOKMARK [1][-]{section.30.2}{\376\377\000S\000H\000O\000\040\000i\000n\000\040\000t\000h\000e\000\040\000P\000o\000s\000i\000t\000i\000o\000n\000\040\000B\000a\000s\000i\000s}{chapter.30}% 136
\BOOKMARK [1][-]{section.30.3}{\376\377\000D\000y\000n\000a\000m\000i\000c\000s\000\040\000a\000n\000d\000\040\000T\000r\000a\000n\000s\000i\000t\000i\000o\000n\000s\000\040\000i\000n\000\040\000t\000h\000e\000\040\000Q\000S\000H\000O}{chapter.30}% 137
\BOOKMARK [0][-]{chapter.31}{\376\377\000Q\000u\000a\000n\000t\000u\000m\000\040\000H\000a\000r\000m\000o\000n\000i\000c\000\040\000O\000s\000c\000i\000l\000l\000a\000t\000o\000r\000:\000\040\000N\000u\000m\000b\000e\000r\000\040\000B\000a\000s\000i\000s}{part.3}% 138
\BOOKMARK [1][-]{section.31.1}{\376\377\000P\000r\000o\000p\000e\000r\000t\000i\000e\000s\000\040\000o\000f\000\040\000+\000-\0001\000m\000u\000\040\000a\000n\000d\000\040\000-\000-\0001\000m\000u}{chapter.31}% 139
\BOOKMARK [1][-]{section.31.2}{\376\377\000T\000I\000S\000W\000E\000\040\000i\000n\000\040\000t\000h\000e\000\040\000N\000u\000m\000b\000e\000r\000\040\000B\000a\000s\000i\000s}{chapter.31}% 140
\BOOKMARK [1][-]{section.31.3}{\376\377\000T\000r\000a\000n\000s\000i\000t\000i\000o\000n\000s\000\040\000i\000n\000\040\000t\000h\000e\000\040\000N\000u\000m\000b\000e\000r\000\040\000B\000a\000s\000i\000s}{chapter.31}% 141
\BOOKMARK [0][-]{chapter.32}{\376\377\000P\000a\000r\000t\000\040\000I\000I\000I\000\040\000R\000e\000v\000i\000e\000w\000\040\000a\000n\000d\000\040\000T\000e\000s\000t}{part.3}% 142
\BOOKMARK [-1][-]{part.4}{\376\377\000I\000V\000\040\000A\000t\000o\000m\000i\000c\000\040\000Q\000u\000a\000n\000t\000u\000m\000\040\000S\000t\000a\000t\000e\000s\000\040}{}% 143
\BOOKMARK [0][-]{chapter.33}{\376\377\000A\000n\000g\000u\000l\000a\000r\000\040\000M\000o\000m\000e\000n\000t\000u\000m\000\040\000O\000p\000e\000r\000a\000t\000o\000r\000s}{part.4}% 144
\BOOKMARK [1][-]{section.33.1}{\376\377\000A\000n\000g\000u\000l\000a\000r\000\040\000M\000o\000m\000e\000n\000t\000u\000m\000\040\000O\000p\000e\000r\000a\000t\000o\000r}{chapter.33}% 145
\BOOKMARK [1][-]{section.33.2}{\376\377\000G\000e\000n\000e\000r\000a\000l\000\040\000A\000n\000g\000u\000l\000a\000r\000\040\000M\000o\000m\000e\000n\000t\000u\000m}{chapter.33}% 146
\BOOKMARK [1][-]{section.33.3}{\376\377\000R\000a\000i\000s\000i\000n\000g\000\040\000a\000n\000d\000\040\000L\000o\000w\000e\000r\000i\000n\000g\000\040\000A\000n\000g\000u\000l\000a\000r\000\040\000M\000o\000m\000e\000n\000t\000u\000m\000\040\000O\000p\000e\000r\000a\000t\000o\000r\000s}{chapter.33}% 147
\BOOKMARK [1][-]{section.33.4}{\376\377\000P\000r\000o\000p\000e\000r\000t\000i\000e\000s\000\040\000o\000f\000\040\0004\000m\000u\000-\000-\0001\000m\000u}{chapter.33}% 148
\BOOKMARK [0][-]{chapter.34}{\376\377\000O\000r\000b\000i\000t\000a\000l\000\040\000a\000n\000d\000\040\000S\000p\000i\000n\000\040\000A\000n\000g\000u\000l\000a\000r\000\040\000M\000o\000m\000e\000n\000t\000u\000m}{part.4}% 149
\BOOKMARK [1][-]{section.34.1}{\376\377\000O\000r\000b\000i\000t\000a\000l\000\040\000A\000n\000g\000u\000l\000a\000r\000\040\000M\000o\000m\000e\000n\000t\000u\000m\000\040\000i\000n\000\040\000t\000h\000e\000\040\000P\000o\000s\000i\000t\000i\000o\000n\000\040\000B\000a\000s\000i\000s}{chapter.34}% 150
\BOOKMARK [1][-]{section.34.2}{\376\377\000O\000r\000b\000i\000t\000a\000l\000\040\000A\000n\000g\000u\000l\000a\000r\000\040\000M\000o\000m\000e\000n\000t\000u\000m\000\040\000W\000a\000v\000e\000f\000u\000n\000c\000t\000i\000o\000n}{chapter.34}% 151
\BOOKMARK [1][-]{section.34.3}{\376\377\000C\000o\000m\000b\000i\000n\000e\000d\000\040\000S\000p\000i\000n\000\040\000a\000n\000d\000\040\000A\000n\000g\000u\000l\000a\000r\000\040\000M\000o\000m\000e\000n\000t\000u\000m}{chapter.34}% 152
\BOOKMARK [0][-]{chapter.35}{\376\377\000R\000a\000d\000i\000a\000l\000l\000y\000\040\000S\000y\000m\000m\000e\000t\000r\000i\000c\000\040\000P\000o\000t\000e\000n\000t\000i\000a\000l\000s}{part.4}% 153
\BOOKMARK [1][-]{section.35.1}{\376\377\000S\000p\000h\000e\000r\000i\000c\000a\000l\000\040\000Q\000u\000a\000n\000t\000u\000m\000\040\000D\000o\000t}{chapter.35}% 154
\BOOKMARK [1][-]{section.35.2}{\376\377\000C\000o\000u\000l\000o\000m\000b\000\040\000P\000o\000t\000e\000n\000t\000i\000a\000l\000\040\000W\000e\000l\000l}{chapter.35}% 155
\BOOKMARK [1][-]{section.35.3}{\376\377\000H\000y\000d\000r\000o\000g\000e\000n\000\040\000A\000t\000o\000m\000\040\000E\000l\000e\000c\000t\000r\000o\000n\000\040\000Q\000u\000a\000n\000t\000u\000m\000\040\000S\000t\000a\000t\000e\000s}{chapter.35}% 156
\BOOKMARK [0][-]{chapter.36}{\376\377\000F\000i\000n\000e\000\040\000S\000t\000r\000u\000c\000t\000u\000r\000e\000\040\000M\000o\000d\000e\000l}{part.4}% 157
\BOOKMARK [1][-]{section.36.1}{\376\377\000R\000e\000l\000a\000t\000i\000v\000i\000s\000t\000i\000c\000\040\000C\000o\000r\000r\000e\000c\000t\000i\000o\000n}{chapter.36}% 158
\BOOKMARK [1][-]{section.36.2}{\376\377\000S\000p\000i\000n\000-\000o\000r\000b\000i\000t\000\040\000C\000o\000u\000p\000l\000i\000n\000g\000\040\000M\000o\000d\000e\000l}{chapter.36}% 159
\BOOKMARK [0][-]{chapter.37}{\376\377\000Z\000e\000e\000m\000a\000n\000\040\000E\000f\000f\000e\000c\000t\000\040\000a\000n\000d\000\040\000H\000y\000p\000e\000r\000f\000i\000n\000e\000\040\000S\000p\000l\000i\000t\000t\000i\000n\000g}{part.4}% 160
\BOOKMARK [1][-]{section.37.1}{\376\377\000S\000t\000r\000o\000n\000g\000-\000F\000i\000e\000l\000d\000\040\000Z\000e\000e\000m\000a\000n\000\040\000S\000p\000l\000i\000t\000t\000i\000n\000g}{chapter.37}% 161
\BOOKMARK [1][-]{section.37.2}{\376\377\000W\000e\000a\000k\000-\000F\000i\000e\000l\000d\000\040\000Z\000e\000e\000m\000a\000n\000\040\000S\000p\000l\000i\000t\000t\000i\000n\000g}{chapter.37}% 162
\BOOKMARK [1][-]{section.37.3}{\376\377\000H\000y\000e\000r\000f\000i\000n\000e\000\040\000S\000p\000l\000i\000t\000t\000i\000n\000g}{chapter.37}% 163
\BOOKMARK [0][-]{chapter.38}{\376\377\000A\000t\000o\000m\000i\000c\000\040\000t\000r\000a\000n\000s\000i\000t\000i\000o\000n\000s}{part.4}% 164
\BOOKMARK [1][-]{section.38.1}{\376\377\000m\000l\000\040\000S\000e\000l\000e\000c\000t\000i\000o\000n\000\040\000R\000u\000l\000e\000s}{chapter.38}% 165
\BOOKMARK [1][-]{section.38.2}{\376\377\000l\000\040\000S\000e\000l\000e\000c\000t\000i\000o\000n\000\040\000R\000u\000l\000e\000s}{chapter.38}% 166
\BOOKMARK [1][-]{section.38.3}{\376\377\000B\000r\000u\000t\000e\000-\000f\000o\000r\000c\000e\000\040\000c\000a\000l\000c\000u\000l\000a\000t\000i\000o\000n\000s}{chapter.38}% 167
\BOOKMARK [0][-]{chapter.39}{\376\377\000M\000o\000d\000e\000l\000i\000n\000g\000\040\000B\000o\000u\000n\000d\000\040\000S\000t\000a\000t\000e\000s\000\040\000N\000u\000m\000e\000r\000i\000c\000a\000l\000l\000y}{part.4}% 168
\BOOKMARK [1][-]{section.39.1}{\376\377\000S\000c\000a\000l\000i\000n\000g\000\040\000t\000h\000e\000\040\000T\000I\000S\000W\000E\000\040\000t\000o\000\040\000d\000i\000m\000e\000n\000s\000i\000o\000n\000l\000e\000s\000s\000\040\000p\000a\000r\000a\000m\000e\000t\000e\000r\000s}{chapter.39}% 169
\BOOKMARK [1][-]{section.39.2}{\376\377\000S\000e\000t\000t\000i\000n\000g\000\040\000u\000p\000\040\000t\000h\000e\000\040\000N\000u\000m\000e\000r\000i\000c\000a\000l\000\040\000S\000o\000l\000v\000e\000r}{chapter.39}% 170
\BOOKMARK [1][-]{section.39.3}{\376\377\000T\000h\000e\000\040\000S\000h\000o\000o\000t\000i\000n\000g\000\040\000M\000e\000t\000h\000o\000d}{chapter.39}% 171
\BOOKMARK [1][-]{section.39.4}{\376\377\000R\000e\000f\000i\000n\000i\000n\000g\000\040\000a\000n\000d\000\040\000I\000m\000p\000r\000o\000v\000i\000n\000g\000\040\000S\000o\000l\000u\000t\000i\000o\000n\000s}{chapter.39}% 172
\BOOKMARK [0][-]{chapter.40}{\376\377\000E\000l\000M\000a\000W\000\040\000H\000a\000r\000m\000o\000n\000i\000c\000\040\000O\000s\000c\000i\000l\000l\000a\000t\000o\000r\000\040\000M\000o\000d\000e\000l}{part.4}% 173
\BOOKMARK [1][-]{section.40.1}{\376\377\000E\000l\000M\000a\000W\000\040\000Q\000H\000O\000\040\000M\000o\000d\000e\000l}{chapter.40}% 174
\BOOKMARK [1][-]{section.40.2}{\376\377\000F\000o\000c\000k\000\040\000S\000t\000a\000t\000e\000\040\000B\000e\000a\000m\000s\000p\000l\000i\000t\000t\000e\000r}{chapter.40}% 175
\BOOKMARK [1][-]{section.40.3}{\376\377\000A\000n\000t\000i\000-\000c\000o\000i\000n\000c\000i\000d\000e\000n\000c\000e}{chapter.40}% 176
\BOOKMARK [0][-]{chapter.41}{\376\377\000P\000a\000r\000t\000\040\000I\000V\000\040\000R\000e\000v\000i\000e\000w\000\040\000a\000n\000d\000\040\000T\000e\000s\000t}{part.4}% 177
